<?xml version="1.0" encoding="UTF-8"?>
<testng-results total="1" passed="1" failed="0" skipped="0">
  <reporter-output>
    <line>
      <![CDATA[Driver is initialized]]>
    </line>
    <line>
      <![CDATA[Navigated to Home Page]]>
    </line>
    <line>
      <![CDATA[Selected vegetables are added to Cart]]>
    </line>
    <line>
      <![CDATA[Vegetables in Cart are now checked-out]]>
    </line>
    <line>
      <![CDATA[Coupon code is applied]]>
    </line>
    <line>
      <![CDATA[Order is now placed successfully]]>
    </line>
    <line>
      <![CDATA[Country code is selected as 'INDIA']]>
    </line>
    <line>
      <![CDATA[Agreement selected]]>
    </line>
    <line>
      <![CDATA[Order is placed successfully - Now user redirected back to Home Page]]>
    </line>
  </reporter-output>
  <suite started-at="2022-02-20T12:48:30Z" name="Suite" finished-at="2022-02-20T12:48:41Z" duration-ms="10386">
    <groups>
    </groups>
    <test started-at="2022-02-20T12:48:30Z" name="Validating core navigation to successful ordering vegetables" finished-at="2022-02-20T12:48:41Z" duration-ms="10386">
      <class name="TestNG.GreenKartE2E.coreNavigator">
        <test-method is-config="true" signature="initialize()[pri:0, instance:TestNG.GreenKartE2E.coreNavigator@5972d253]" started-at="2022-02-20T18:18:30Z" name="initialize" finished-at="2022-02-20T18:18:38Z" duration-ms="7519" status="PASS">
          <reporter-output>
            <line>
              <![CDATA[Driver is initialized]]>
            </line>
            <line>
              <![CDATA[Navigated to Home Page]]>
            </line>
          </reporter-output>
        </test-method> <!-- initialize -->
        <test-method signature="PageNavigation()[pri:0, instance:TestNG.GreenKartE2E.coreNavigator@5972d253]" started-at="2022-02-20T18:18:38Z" name="PageNavigation" finished-at="2022-02-20T18:18:41Z" duration-ms="2834" status="PASS">
          <reporter-output>
            <line>
              <![CDATA[Selected vegetables are added to Cart]]>
            </line>
            <line>
              <![CDATA[Vegetables in Cart are now checked-out]]>
            </line>
            <line>
              <![CDATA[Coupon code is applied]]>
            </line>
            <line>
              <![CDATA[Order is now placed successfully]]>
            </line>
            <line>
              <![CDATA[Country code is selected as 'INDIA']]>
            </line>
            <line>
              <![CDATA[Agreement selected]]>
            </line>
            <line>
              <![CDATA[Order is placed successfully - Now user redirected back to Home Page]]>
            </line>
          </reporter-output>
        </test-method> <!-- PageNavigation -->
      </class> <!-- TestNG.GreenKartE2E.coreNavigator -->
    </test> <!-- Validating core navigation to successful ordering vegetables -->
  </suite> <!-- Suite -->
</testng-results>
